<?xml version="1.0" encoding="UTF-8" ?>
<testsuite tests="1" failures="0" name="com.sishuok.architecture1.common.AppTest" time="0.002" errors="0" skipped="0">
  <properties>
    <property name="java.runtime.name" value="Java(TM) SE Runtime Environment"/>
    <property name="sun.boot.library.path" value="E:\Program Files\Java\jdk1.8.0_91\jre\bin"/>
    <property name="java.vm.version" value="25.91-b15"/>
    <property name="java.vm.vendor" value="Oracle Corporation"/>
    <property name="java.vendor.url" value="http://java.oracle.com/"/>
    <property name="path.separator" value=";"/>
    <property name="guice.disable.misplaced.annotation.check" value="true"/>
    <property name="java.vm.name" value="Java HotSpot(TM) 64-Bit Server VM"/>
    <property name="file.encoding.pkg" value="sun.io"/>
    <property name="user.script" value=""/>
    <property name="user.country" value="CN"/>
    <property name="sun.java.launcher" value="SUN_STANDARD"/>
    <property name="sun.os.patch.level" value=""/>
    <property name="java.vm.specification.name" value="Java Virtual Machine Specification"/>
    <property name="user.dir" value="H:\eclipse\workSpaceTestMaven\architecture1"/>
    <property name="java.runtime.version" value="1.8.0_91-b15"/>
    <property name="java.awt.graphicsenv" value="sun.awt.Win32GraphicsEnvironment"/>
    <property name="java.endorsed.dirs" value="E:\Program Files\Java\jdk1.8.0_91\jre\lib\endorsed"/>
    <property name="os.arch" value="amd64"/>
    <property name="java.io.tmpdir" value="C:\Users\xie_y\AppData\Local\Temp\"/>
    <property name="line.separator" value="
"/>
    <property name="java.vm.specification.vendor" value="Oracle Corporation"/>
    <property name="user.variant" value=""/>
    <property name="os.name" value="Windows 10"/>
    <property name="classworlds.conf" value="H:\eclipse\workSpaceTestMaven\.metadata\.plugins\org.eclipse.m2e.launching\launches\m2conf5490341923603367321.tmp"/>
    <property name="sun.jnu.encoding" value="GBK"/>
    <property name="java.library.path" value="E:\Program Files\Java\jdk1.8.0_91\bin;C:\windows\Sun\Java\bin;C:\windows\system32;C:\windows;E:\Program Files (x86)\NetSarang\Xshell 6\;C:\ProgramData\Oracle\Java\javapath;C:\Program Files (x86)\Intel\Intel(R) Management Engine Components\iCLS\;C:\Program Files\Intel\Intel(R) Management Engine Components\iCLS\;C:\windows\system32;C:\windows;C:\windows\System32\Wbem;C:\windows\System32\WindowsPowerShell\v1.0\;C:\windows\System32\OpenSSH\;C:\Program Files (x86)\Intel\Intel(R) Management Engine Components\DAL;C:\Program Files\Intel\Intel(R) Management Engine Components\DAL;C:\Program Files (x86)\Intel\Intel(R) Management Engine Components\IPT;C:\Program Files\Intel\Intel(R) Management Engine Components\IPT;C:\Program Files (x86)\NVIDIA Corporation\PhysX\Common;c:\Program Files (x86)\HP\HP Performance Advisor;E:\Program Files\Java\jdk1.8.0_91\bin;E:\Program Files\Java\jdk1.8.0_91\jre\bin;F:\apache-maven-3.6.0\bin;E:\Program Files\Git\cmd;E:\Program Files\IDM Computer Solutions\UltraEdit;E:\Program Files\TortoiseSVN\bin;E:\Program Files (x86)\mysql-8.0.17-winx64\bin;C:\Program Files\Intel\WiFi\bin\;C:\Program Files\Common Files\Intel\WirelessCommon\;E:\Program Files\TortoiseGit\bin;C:\Program Files (x86)\Common Files\Thunder Network\KanKan\Codecs;C:\Users\xie_y\AppData\Local\Microsoft\WindowsApps;C:\Users\xie_y\AppData\Local\BypassRuntm;E:\Program Files (x86)\mysql-8.0.17-winx64\bin;;."/>
    <property name="java.specification.name" value="Java Platform API Specification"/>
    <property name="java.class.version" value="52.0"/>
    <property name="sun.management.compiler" value="HotSpot 64-Bit Tiered Compilers"/>
    <property name="os.version" value="10.0"/>
    <property name="user.home" value="C:\Users\xie_y"/>
    <property name="user.timezone" value="GMT+08:00"/>
    <property name="java.awt.printerjob" value="sun.awt.windows.WPrinterJob"/>
    <property name="java.specification.version" value="1.8"/>
    <property name="file.encoding" value="UTF-8"/>
    <property name="user.name" value="xie_y"/>
    <property name="java.class.path" value="/H:/eclipse/eclipse-jee-luna-SR2-win32-x86_64/eclipse/plugins/org.eclipse.m2e.maven.runtime_1.5.1.20150109-1819/jars/plexus-classworlds-2.5.1.jar"/>
    <property name="org.slf4j.simpleLogger.defaultLogLevel" value="info"/>
    <property name="java.vm.specification.version" value="1.8"/>
    <property name="sun.arch.data.model" value="64"/>
    <property name="java.home" value="E:\Program Files\Java\jdk1.8.0_91\jre"/>
    <property name="sun.java.command" value="org.codehaus.plexus.classworlds.launcher.Launcher -B -s H:\maven\settings.xml install"/>
    <property name="java.specification.vendor" value="Oracle Corporation"/>
    <property name="user.language" value="zh"/>
    <property name="awt.toolkit" value="sun.awt.windows.WToolkit"/>
    <property name="java.vm.info" value="mixed mode"/>
    <property name="java.version" value="1.8.0_91"/>
    <property name="java.ext.dirs" value="E:\Program Files\Java\jdk1.8.0_91\jre\lib\ext;C:\windows\Sun\Java\lib\ext"/>
    <property name="sun.boot.class.path" value="E:\Program Files\Java\jdk1.8.0_91\jre\lib\resources.jar;E:\Program Files\Java\jdk1.8.0_91\jre\lib\rt.jar;E:\Program Files\Java\jdk1.8.0_91\jre\lib\sunrsasign.jar;E:\Program Files\Java\jdk1.8.0_91\jre\lib\jsse.jar;E:\Program Files\Java\jdk1.8.0_91\jre\lib\jce.jar;E:\Program Files\Java\jdk1.8.0_91\jre\lib\charsets.jar;E:\Program Files\Java\jdk1.8.0_91\jre\lib\jfr.jar;E:\Program Files\Java\jdk1.8.0_91\jre\classes"/>
    <property name="java.vendor" value="Oracle Corporation"/>
    <property name="maven.home" value="H:\eclipse\workSpaceTestMaven\architecture1\EMBEDDED"/>
    <property name="file.separator" value="\"/>
    <property name="java.vendor.url.bug" value="http://bugreport.sun.com/bugreport/"/>
    <property name="sun.cpu.endian" value="little"/>
    <property name="sun.io.unicode.encoding" value="UnicodeLittle"/>
    <property name="sun.desktop" value="windows"/>
    <property name="sun.cpu.isalist" value="amd64"/>
  </properties>
  <testcase classname="com.sishuok.architecture1.common.AppTest" name="testApp" time="0.002"/>
</testsuite>